[2015-04-22 13:19:09] local.ERROR: exception 'Symfony\Component\Debug\Exception\FatalErrorException' with message 'Class 'Contactform' not found' in /home/marketingpublico/public_html/mktp/app/Http/Controllers/ContactformController.php:75
Stack trace:
#0 {main}  
[2015-04-22 13:25:02] local.ERROR: exception 'ReflectionException' with message 'Class IdolsTableSeeder does not exist' in /home/marketingpublico/public_html/mktp/vendor/laravel/framework/src/Illuminate/Container/Container.php:776
Stack trace:
#0 /home/marketingpublico/public_html/mktp/vendor/laravel/framework/src/Illuminate/Container/Container.php(776): ReflectionClass->__construct('IdolsTableSeede...')
#1 /home/marketingpublico/public_html/mktp/vendor/laravel/framework/src/Illuminate/Container/Container.php(656): Illuminate\Container\Container->build('IdolsTableSeede...', Array)
#2 /home/marketingpublico/public_html/mktp/vendor/laravel/framework/src/Illuminate/Foundation/Application.php(642): Illuminate\Container\Container->make('IdolsTableSeede...', Array)
#3 /home/marketingpublico/public_html/mktp/vendor/laravel/framework/src/Illuminate/Database/Seeder.php(55): Illuminate\Foundation\Application->make('IdolsTableSeede...')
#4 /home/marketingpublico/public_html/mktp/vendor/laravel/framework/src/Illuminate/Database/Seeder.php(37): Illuminate\Database\Seeder->resolve('IdolsTableSeede...')
#5 /home/marketingpublico/public_html/mktp/database/seeds/DatabaseSeeder.php(19): Illuminate\Database\Seeder->call('IdolsTableSeede...')
#6 /home/marketingpublico/public_html/mktp/vendor/laravel/framework/src/Illuminate/Database/Console/SeedCommand.php(57): DatabaseSeeder->run()
#7 [internal function]: Illuminate\Database\Console\SeedCommand->fire()
#8 /home/marketingpublico/public_html/mktp/vendor/laravel/framework/src/Illuminate/Container/Container.php(523): call_user_func_array(Array, Array)
#9 /home/marketingpublico/public_html/mktp/vendor/laravel/framework/src/Illuminate/Console/Command.php(115): Illuminate\Container\Container->call(Array)
#10 /home/marketingpublico/public_html/mktp/vendor/symfony/console/Symfony/Component/Console/Command/Command.php(257): Illuminate\Console\Command->execute(Object(Symfony\Component\Console\Input\ArgvInput), Object(Symfony\Component\Console\Output\ConsoleOutput))
#11 /home/marketingpublico/public_html/mktp/vendor/laravel/framework/src/Illuminate/Console/Command.php(101): Symfony\Component\Console\Command\Command->run(Object(Symfony\Component\Console\Input\ArgvInput), Object(Symfony\Component\Console\Output\ConsoleOutput))
#12 /home/marketingpublico/public_html/mktp/vendor/symfony/console/Symfony/Component/Console/Application.php(874): Illuminate\Console\Command->run(Object(Symfony\Component\Console\Input\ArgvInput), Object(Symfony\Component\Console\Output\ConsoleOutput))
#13 /home/marketingpublico/public_html/mktp/vendor/symfony/console/Symfony/Component/Console/Application.php(195): Symfony\Component\Console\Application->doRunCommand(Object(Illuminate\Database\Console\SeedCommand), Object(Symfony\Component\Console\Input\ArgvInput), Object(Symfony\Component\Console\Output\ConsoleOutput))
#14 /home/marketingpublico/public_html/mktp/vendor/symfony/console/Symfony/Component/Console/Application.php(126): Symfony\Component\Console\Application->doRun(Object(Symfony\Component\Console\Input\ArgvInput), Object(Symfony\Component\Console\Output\ConsoleOutput))
#15 /home/marketingpublico/public_html/mktp/vendor/laravel/framework/src/Illuminate/Foundation/Console/Kernel.php(94): Symfony\Component\Console\Application->run(Object(Symfony\Component\Console\Input\ArgvInput), Object(Symfony\Component\Console\Output\ConsoleOutput))
#16 /home/marketingpublico/public_html/mktp/artisan(36): Illuminate\Foundation\Console\Kernel->handle(Object(Symfony\Component\Console\Input\ArgvInput), Object(Symfony\Component\Console\Output\ConsoleOutput))
#17 {main}  
[2015-04-22 13:26:47] local.ERROR: exception 'Symfony\Component\Debug\Exception\FatalErrorException' with message 'Class 'Idol' not found' in /home/marketingpublico/public_html/mktp/database/seeds/IdolsTableSeeder.php:13
Stack trace:
#0 {main}  
[2015-04-22 13:27:53] local.ERROR: exception 'ErrorException' with message 'The use statement with non-compound name 'Idol' has no effect' in /home/marketingpublico/public_html/mktp/database/seeds/IdolsTableSeeder.php:4
Stack trace:
#0 /home/marketingpublico/public_html/mktp/vendor/composer/ClassLoader.php(412): Illuminate\Foundation\Bootstrap\HandleExceptions->handleError(2, 'The use stateme...', '/home/marketing...', 4, Array)
#1 /home/marketingpublico/public_html/mktp/vendor/composer/ClassLoader.php(412): Composer\Autoload\includeFile()
#2 /home/marketingpublico/public_html/mktp/vendor/composer/ClassLoader.php(301): Composer\Autoload\includeFile('/home/marketing...')
#3 [internal function]: Composer\Autoload\ClassLoader->loadClass('IdolsTableSeede...')
#4 [internal function]: spl_autoload_call('IdolsTableSeede...')
#5 /home/marketingpublico/public_html/mktp/vendor/laravel/framework/src/Illuminate/Container/Container.php(776): ReflectionClass->__construct('IdolsTableSeede...')
#6 /home/marketingpublico/public_html/mktp/vendor/laravel/framework/src/Illuminate/Container/Container.php(656): Illuminate\Container\Container->build('IdolsTableSeede...', Array)
#7 /home/marketingpublico/public_html/mktp/vendor/laravel/framework/src/Illuminate/Foundation/Application.php(642): Illuminate\Container\Container->make('IdolsTableSeede...', Array)
#8 /home/marketingpublico/public_html/mktp/vendor/laravel/framework/src/Illuminate/Database/Seeder.php(55): Illuminate\Foundation\Application->make('IdolsTableSeede...')
#9 /home/marketingpublico/public_html/mktp/vendor/laravel/framework/src/Illuminate/Database/Seeder.php(37): Illuminate\Database\Seeder->resolve('IdolsTableSeede...')
#10 /home/marketingpublico/public_html/mktp/database/seeds/DatabaseSeeder.php(19): Illuminate\Database\Seeder->call('IdolsTableSeede...')
#11 /home/marketingpublico/public_html/mktp/vendor/laravel/framework/src/Illuminate/Database/Console/SeedCommand.php(57): DatabaseSeeder->run()
#12 [internal function]: Illuminate\Database\Console\SeedCommand->fire()
#13 /home/marketingpublico/public_html/mktp/vendor/laravel/framework/src/Illuminate/Container/Container.php(523): call_user_func_array(Array, Array)
#14 /home/marketingpublico/public_html/mktp/vendor/laravel/framework/src/Illuminate/Console/Command.php(115): Illuminate\Container\Container->call(Array)
#15 /home/marketingpublico/public_html/mktp/vendor/symfony/console/Symfony/Component/Console/Command/Command.php(257): Illuminate\Console\Command->execute(Object(Symfony\Component\Console\Input\ArgvInput), Object(Symfony\Component\Console\Output\ConsoleOutput))
#16 /home/marketingpublico/public_html/mktp/vendor/laravel/framework/src/Illuminate/Console/Command.php(101): Symfony\Component\Console\Command\Command->run(Object(Symfony\Component\Console\Input\ArgvInput), Object(Symfony\Component\Console\Output\ConsoleOutput))
#17 /home/marketingpublico/public_html/mktp/vendor/symfony/console/Symfony/Component/Console/Application.php(874): Illuminate\Console\Command->run(Object(Symfony\Component\Console\Input\ArgvInput), Object(Symfony\Component\Console\Output\ConsoleOutput))
#18 /home/marketingpublico/public_html/mktp/vendor/symfony/console/Symfony/Component/Console/Application.php(195): Symfony\Component\Console\Application->doRunCommand(Object(Illuminate\Database\Console\SeedCommand), Object(Symfony\Component\Console\Input\ArgvInput), Object(Symfony\Component\Console\Output\ConsoleOutput))
#19 /home/marketingpublico/public_html/mktp/vendor/symfony/console/Symfony/Component/Console/Application.php(126): Symfony\Component\Console\Application->doRun(Object(Symfony\Component\Console\Input\ArgvInput), Object(Symfony\Component\Console\Output\ConsoleOutput))
#20 /home/marketingpublico/public_html/mktp/vendor/laravel/framework/src/Illuminate/Foundation/Console/Kernel.php(94): Symfony\Component\Console\Application->run(Object(Symfony\Component\Console\Input\ArgvInput), Object(Symfony\Component\Console\Output\ConsoleOutput))
#21 /home/marketingpublico/public_html/mktp/artisan(36): Illuminate\Foundation\Console\Kernel->handle(Object(Symfony\Component\Console\Input\ArgvInput), Object(Symfony\Component\Console\Output\ConsoleOutput))
#22 {main}  
[2015-04-22 13:47:48] local.ERROR: exception 'Symfony\Component\Debug\Exception\FatalErrorException' with message 'Class 'mktp\entities\Idol' not found' in /home/marketingpublico/public_html/mktp/database/seeds/IdolsTableSeeder.php:14
Stack trace:
#0 {main}  
[2015-04-22 13:50:23] local.ERROR: exception 'Symfony\Component\Debug\Exception\FatalErrorException' with message 'Class 'mktp\entities\Idol' not found' in /home/marketingpublico/public_html/mktp/database/seeds/IdolsTableSeeder.php:14
Stack trace:
#0 {main}  
[2015-04-22 13:52:08] local.ERROR: exception 'Symfony\Component\Debug\Exception\FatalErrorException' with message 'Class 'App\mktp\entities\Idol' not found' in /home/marketingpublico/public_html/mktp/database/seeds/IdolsTableSeeder.php:14
Stack trace:
#0 {main}  
[2015-04-22 13:52:27] local.ERROR: exception 'Symfony\Component\Debug\Exception\FatalErrorException' with message 'syntax error, unexpected 'use' (T_USE), expecting \\ (T_NS_SEPARATOR) or ';' or '{'' in /home/marketingpublico/public_html/mktp/app/mktp/entities/Idol.php:3
Stack trace:
#0 {main}  
[2015-04-22 22:26:40] local.ERROR: exception 'Symfony\Component\Debug\Exception\FatalErrorException' with message 'Class 'App\Http\Controllers\Mail' not found' in /home/marketingpublico/public_html/mktp/app/Http/Controllers/ContactformController.php:89
Stack trace:
#0 {main}  
