[2015-04-24 19:28:47] local.ERROR: exception 'InvalidArgumentException' with message 'View [mktp.chart] not found.' in /home/marketingpublico/public_html/mktp/vendor/laravel/framework/src/Illuminate/View/FileViewFinder.php:140
Stack trace:
#0 /home/marketingpublico/public_html/mktp/vendor/laravel/framework/src/Illuminate/View/FileViewFinder.php(77): Illuminate\View\FileViewFinder->findInPaths('mktp.chart', Array)
#1 /home/marketingpublico/public_html/mktp/vendor/laravel/framework/src/Illuminate/View/Factory.php(145): Illuminate\View\FileViewFinder->find('mktp.chart')
#2 /home/marketingpublico/public_html/mktp/vendor/laravel/framework/src/Illuminate/Foundation/helpers.php(591): Illuminate\View\Factory->make('mktp/chart', Array, Array)
#3 /home/marketingpublico/public_html/mktp/app/Http/Controllers/ContactformController.php(100): view('mktp/chart')
#4 [internal function]: App\Http\Controllers\ContactformController->chart()
#5 /home/marketingpublico/public_html/mktp/vendor/laravel/framework/src/Illuminate/Routing/Controller.php(246): call_user_func_array(Array, Array)
#6 /home/marketingpublico/public_html/mktp/vendor/laravel/framework/src/Illuminate/Routing/ControllerDispatcher.php(162): Illuminate\Routing\Controller->callAction('chart', Array)
#7 /home/marketingpublico/public_html/mktp/vendor/laravel/framework/src/Illuminate/Routing/ControllerDispatcher.php(107): Illuminate\Routing\ControllerDispatcher->call(Object(App\Http\Controllers\ContactformController), Object(Illuminate\Routing\Route), 'chart')
#8 [internal function]: Illuminate\Routing\ControllerDispatcher->Illuminate\Routing\{closure}(Object(Illuminate\Http\Request))
#9 /home/marketingpublico/public_html/mktp/vendor/laravel/framework/src/Illuminate/Pipeline/Pipeline.php(141): call_user_func(Object(Closure), Object(Illuminate\Http\Request))
#10 [internal function]: Illuminate\Pipeline\Pipeline->Illuminate\Pipeline\{closure}(Object(Illuminate\Http\Request))
#11 /home/marketingpublico/public_html/mktp/vendor/laravel/framework/src/Illuminate/Pipeline/Pipeline.php(101): call_user_func(Object(Closure), Object(Illuminate\Http\Request))
#12 /home/marketingpublico/public_html/mktp/vendor/laravel/framework/src/Illuminate/Routing/ControllerDispatcher.php(108): Illuminate\Pipeline\Pipeline->then(Object(Closure))
#13 /home/marketingpublico/public_html/mktp/vendor/laravel/framework/src/Illuminate/Routing/ControllerDispatcher.php(67): Illuminate\Routing\ControllerDispatcher->callWithinStack(Object(App\Http\Controllers\ContactformController), Object(Illuminate\Routing\Route), Object(Illuminate\Http\Request), 'chart')
#14 /home/marketingpublico/public_html/mktp/vendor/laravel/framework/src/Illuminate/Routing/Route.php(198): Illuminate\Routing\ControllerDispatcher->dispatch(Object(Illuminate\Routing\Route), Object(Illuminate\Http\Request), 'App\\Http\\Contro...', 'chart')
#15 /home/marketingpublico/public_html/mktp/vendor/laravel/framework/src/Illuminate/Routing/Route.php(131): Illuminate\Routing\Route->runWithCustomDispatcher(Object(Illuminate\Http\Request))
#16 /home/marketingpublico/public_html/mktp/vendor/laravel/framework/src/Illuminate/Routing/Router.php(692): Illuminate\Routing\Route->run(Object(Illuminate\Http\Request))
#17 [internal function]: Illuminate\Routing\Router->Illuminate\Routing\{closure}(Object(Illuminate\Http\Request))
#18 /home/marketingpublico/public_html/mktp/vendor/laravel/framework/src/Illuminate/Pipeline/Pipeline.php(141): call_user_func(Object(Closure), Object(Illuminate\Http\Request))
#19 [internal function]: Illuminate\Pipeline\Pipeline->Illuminate\Pipeline\{closure}(Object(Illuminate\Http\Request))
#20 /home/marketingpublico/public_html/mktp/vendor/laravel/framework/src/Illuminate/Pipeline/Pipeline.php(101): call_user_func(Object(Closure), Object(Illuminate\Http\Request))
#21 /home/marketingpublico/public_html/mktp/vendor/laravel/framework/src/Illuminate/Routing/Router.php(694): Illuminate\Pipeline\Pipeline->then(Object(Closure))
#22 /home/marketingpublico/public_html/mktp/vendor/laravel/framework/src/Illuminate/Routing/Router.php(661): Illuminate\Routing\Router->runRouteWithinStack(Object(Illuminate\Routing\Route), Object(Illuminate\Http\Request))
#23 /home/marketingpublico/public_html/mktp/vendor/laravel/framework/src/Illuminate/Routing/Router.php(619): Illuminate\Routing\Router->dispatchToRoute(Object(Illuminate\Http\Request))
#24 /home/marketingpublico/public_html/mktp/vendor/laravel/framework/src/Illuminate/Foundation/Http/Kernel.php(214): Illuminate\Routing\Router->dispatch(Object(Illuminate\Http\Request))
#25 [internal function]: Illuminate\Foundation\Http\Kernel->Illuminate\Foundation\Http\{closure}(Object(Illuminate\Http\Request))
#26 /home/marketingpublico/public_html/mktp/vendor/laravel/framework/src/Illuminate/Pipeline/Pipeline.php(141): call_user_func(Object(Closure), Object(Illuminate\Http\Request))
#27 /home/marketingpublico/public_html/mktp/vendor/laravel/framework/src/Illuminate/Foundation/Http/Middleware/VerifyCsrfToken.php(43): Illuminate\Pipeline\Pipeline->Illuminate\Pipeline\{closure}(Object(Illuminate\Http\Request))
#28 /home/marketingpublico/public_html/mktp/app/Http/Middleware/VerifyCsrfToken.php(17): Illuminate\Foundation\Http\Middleware\VerifyCsrfToken->handle(Object(Illuminate\Http\Request), Object(Closure))
#29 /home/marketingpublico/public_html/mktp/vendor/laravel/framework/src/Illuminate/Pipeline/Pipeline.php(125): App\Http\Middleware\VerifyCsrfToken->handle(Object(Illuminate\Http\Request), Object(Closure))
#30 /home/marketingpublico/public_html/mktp/vendor/laravel/framework/src/Illuminate/View/Middleware/ShareErrorsFromSession.php(55): Illuminate\Pipeline\Pipeline->Illuminate\Pipeline\{closure}(Object(Illuminate\Http\Request))
#31 /home/marketingpublico/public_html/mktp/vendor/laravel/framework/src/Illuminate/Pipeline/Pipeline.php(125): Illuminate\View\Middleware\ShareErrorsFromSession->handle(Object(Illuminate\Http\Request), Object(Closure))
#32 /home/marketingpublico/public_html/mktp/vendor/laravel/framework/src/Illuminate/Session/Middleware/StartSession.php(61): Illuminate\Pipeline\Pipeline->Illuminate\Pipeline\{closure}(Object(Illuminate\Http\Request))
#33 /home/marketingpublico/public_html/mktp/vendor/laravel/framework/src/Illuminate/Pipeline/Pipeline.php(125): Illuminate\Session\Middleware\StartSession->handle(Object(Illuminate\Http\Request), Object(Closure))
#34 /home/marketingpublico/public_html/mktp/vendor/laravel/framework/src/Illuminate/Cookie/Middleware/AddQueuedCookiesToResponse.php(36): Illuminate\Pipeline\Pipeline->Illuminate\Pipeline\{closure}(Object(Illuminate\Http\Request))
#35 /home/marketingpublico/public_html/mktp/vendor/laravel/framework/src/Illuminate/Pipeline/Pipeline.php(125): Illuminate\Cookie\Middleware\AddQueuedCookiesToResponse->handle(Object(Illuminate\Http\Request), Object(Closure))
#36 /home/marketingpublico/public_html/mktp/vendor/laravel/framework/src/Illuminate/Cookie/Middleware/EncryptCookies.php(40): Illuminate\Pipeline\Pipeline->Illuminate\Pipeline\{closure}(Object(Illuminate\Http\Request))
#37 /home/marketingpublico/public_html/mktp/vendor/laravel/framework/src/Illuminate/Pipeline/Pipeline.php(125): Illuminate\Cookie\Middleware\EncryptCookies->handle(Object(Illuminate\Http\Request), Object(Closure))
#38 /home/marketingpublico/public_html/mktp/vendor/laravel/framework/src/Illuminate/Foundation/Http/Middleware/CheckForMaintenanceMode.php(42): Illuminate\Pipeline\Pipeline->Illuminate\Pipeline\{closure}(Object(Illuminate\Http\Request))
#39 /home/marketingpublico/public_html/mktp/vendor/laravel/framework/src/Illuminate/Pipeline/Pipeline.php(125): Illuminate\Foundation\Http\Middleware\CheckForMaintenanceMode->handle(Object(Illuminate\Http\Request), Object(Closure))
#40 [internal function]: Illuminate\Pipeline\Pipeline->Illuminate\Pipeline\{closure}(Object(Illuminate\Http\Request))
#41 /home/marketingpublico/public_html/mktp/vendor/laravel/framework/src/Illuminate/Pipeline/Pipeline.php(101): call_user_func(Object(Closure), Object(Illuminate\Http\Request))
#42 /home/marketingpublico/public_html/mktp/vendor/laravel/framework/src/Illuminate/Foundation/Http/Kernel.php(115): Illuminate\Pipeline\Pipeline->then(Object(Closure))
#43 /home/marketingpublico/public_html/mktp/vendor/laravel/framework/src/Illuminate/Foundation/Http/Kernel.php(84): Illuminate\Foundation\Http\Kernel->sendRequestThroughRouter(Object(Illuminate\Http\Request))
#44 /home/marketingpublico/public_html/mktp/public/index.php(53): Illuminate\Foundation\Http\Kernel->handle(Object(Illuminate\Http\Request))
#45 {main}  
[2015-04-24 20:46:12] local.ERROR: exception 'Symfony\Component\Debug\Exception\FatalErrorException' with message 'syntax error, unexpected '?>'' in /home/marketingpublico/public_html/mktp/storage/framework/views/15588bd6373152ea8479f967c43620f3:9
Stack trace:
#0 {main}  
